{"level":"info","message":"⌛ Building environment","timeElapsed":155,"timestamp":"2024-08-21T13:47:55.641Z"}
{"level":"info","message":"onRequest - WORKSPACE_URI:file:///c%3A/Users/usuario/Desktop/WollokNuevo","timestamp":"2024-08-21T13:47:55.651Z"}
{"level":"info","message":"⌛ Validating test.wlk","timeElapsed":147,"timestamp":"2024-08-21T13:47:55.873Z"}
{"level":"info","message":"⌛ Validating test.wlk","timeElapsed":102,"timestamp":"2024-08-21T13:48:04.121Z"}
{"level":"info","message":"onRequest - completionItem/resolve","timestamp":"2024-08-21T13:48:04.121Z"}
{"level":"info","message":"onRequest - completionItem/resolve","timestamp":"2024-08-21T13:48:04.184Z"}
{"level":"info","message":"⌛ Validating test.wlk","timeElapsed":123,"timestamp":"2024-08-21T13:48:18.072Z"}
{"level":"info","message":"onRequest - completionItem/resolve","timestamp":"2024-08-21T13:48:18.073Z"}
{"level":"info","message":"onRequest - completionItem/resolve","timestamp":"2024-08-21T13:48:18.161Z"}
{"level":"info","message":"onRequest - completionItem/resolve","timestamp":"2024-08-21T13:48:18.261Z"}
{"level":"info","message":"⌛ Validating test.wlk","timeElapsed":203,"timestamp":"2024-08-21T13:48:18.465Z"}
{"level":"info","message":"⌛ Building environment","timeElapsed":152,"timestamp":"2024-08-21T13:48:18.619Z"}
{"level":"info","message":"onRequest - completionItem/resolve","timestamp":"2024-08-21T13:48:18.620Z"}
{"level":"info","message":"⌛ Validating test.wlk","timeElapsed":165,"timestamp":"2024-08-21T13:48:18.786Z"}
{"level":"info","message":"⌛ Building environment","timeElapsed":126,"timestamp":"2024-08-21T13:48:18.915Z"}
{"level":"info","message":"onRequest - completionItem/resolve","timestamp":"2024-08-21T13:48:18.916Z"}
{"level":"info","message":"⌛ Building environment","timeElapsed":125,"timestamp":"2024-08-21T13:48:19.043Z"}
{"level":"info","message":"⌛ Validating test.wlk","timeElapsed":118,"timestamp":"2024-08-21T13:48:19.184Z"}
{"level":"info","message":"⌛ Validating test.wlk","timeElapsed":144,"timestamp":"2024-08-21T13:48:19.423Z"}
{"level":"info","message":"⌛ Validating test.wlk","timeElapsed":120,"timestamp":"2024-08-21T13:48:19.543Z"}
{"level":"info","message":"⌛ Building environment","timeElapsed":112,"timestamp":"2024-08-21T13:48:19.662Z"}
{"level":"info","message":"⌛ Validating test.wlk","timeElapsed":210,"timestamp":"2024-08-21T13:48:19.972Z"}
{"level":"info","message":"⌛ Building environment","timeElapsed":301,"timestamp":"2024-08-21T13:48:20.275Z"}
{"level":"info","message":"⌛ Building environment","timeElapsed":132,"timestamp":"2024-08-21T13:48:20.519Z"}
{"level":"info","message":"⌛ Validating test.wlk","timeElapsed":188,"timestamp":"2024-08-21T13:48:20.719Z"}
{"level":"info","message":"⌛ Validating test.wlk","timeElapsed":132,"timestamp":"2024-08-21T13:48:20.852Z"}
{"level":"info","message":"⌛ Building environment","timeElapsed":124,"timestamp":"2024-08-21T13:48:20.984Z"}
{"level":"info","message":"⌛ Building environment","timeElapsed":109,"timestamp":"2024-08-21T13:48:21.096Z"}
{"level":"info","message":"⌛ Validating test.wlk","timeElapsed":136,"timestamp":"2024-08-21T13:48:21.234Z"}
{"level":"info","message":"⌛ Validating test.wlk","timeElapsed":101,"timestamp":"2024-08-21T13:48:22.249Z"}
{"level":"info","message":"⌛ Validating test.wlk","timeElapsed":102,"timestamp":"2024-08-21T13:48:22.415Z"}
{"level":"info","message":"⌛ Validating test.wlk","timeElapsed":112,"timestamp":"2024-08-21T13:48:22.533Z"}
{"level":"info","message":"⌛ Validating test.wlk","timeElapsed":129,"timestamp":"2024-08-21T13:48:22.748Z"}
{"level":"info","message":"⌛ Validating test.wlk","timeElapsed":109,"timestamp":"2024-08-21T13:48:23.078Z"}
{"level":"info","message":"⌛ Validating test.wlk","timeElapsed":125,"timestamp":"2024-08-21T13:48:23.888Z"}
{"level":"info","message":"⌛ Validating test.wlk","timeElapsed":106,"timestamp":"2024-08-21T13:48:24.080Z"}
{"level":"info","message":"onRequest - completionItem/resolve","timestamp":"2024-08-21T13:48:24.671Z"}
{"level":"info","message":"onRequest - completionItem/resolve","timestamp":"2024-08-21T13:48:24.759Z"}
{"level":"info","message":"onRequest - completionItem/resolve","timestamp":"2024-08-21T13:48:24.843Z"}
{"level":"info","message":"onRequest - completionItem/resolve","timestamp":"2024-08-21T13:48:24.993Z"}
{"level":"error","message":"✘ Completions for node failed: Error: test.perro.la [Field]{d4eac6} at test.wlk:3 exhausted all cases without a match test.perro.la [Field]{d4eac6} at test.wlk:3 exhausted all cases without a match","stack":"Error: test.perro.la [Field]{d4eac6} at test.wlk:3 exhausted all cases without a match\n    at c:\\Users\\usuario\\.vscode\\extensions\\uqbar.wollok-lsp-ide-0.3.3\\node_modules\\wollok-ts\\dist\\extensions.js:85:11\n    at completionsForNode (c:\\Users\\usuario\\.vscode\\extensions\\uqbar.wollok-lsp-ide-0.3.3\\server\\out\\functionalities\\autocomplete\\node-completion.js:10:44)\n    at c:\\Users\\usuario\\.vscode\\extensions\\uqbar.wollok-lsp-ide-0.3.3\\server\\out\\functionalities\\autocomplete\\autocomplete.js:26:154\n    at c:\\Users\\usuario\\.vscode\\extensions\\uqbar.wollok-lsp-ide-0.3.3\\server\\out\\server.js:198:20\n    at c:\\Users\\usuario\\.vscode\\extensions\\uqbar.wollok-lsp-ide-0.3.3\\server\\node_modules\\vscode-languageserver\\lib\\common\\server.js:593:20\n    at handleRequest (c:\\Users\\usuario\\.vscode\\extensions\\uqbar.wollok-lsp-ide-0.3.3\\server\\node_modules\\vscode-jsonrpc\\lib\\common\\connection.js:493:41)\n    at handleMessage (c:\\Users\\usuario\\.vscode\\extensions\\uqbar.wollok-lsp-ide-0.3.3\\server\\node_modules\\vscode-jsonrpc\\lib\\common\\connection.js:339:13)\n    at processMessageQueue (c:\\Users\\usuario\\.vscode\\extensions\\uqbar.wollok-lsp-ide-0.3.3\\server\\node_modules\\vscode-jsonrpc\\lib\\common\\connection.js:362:17)\n    at Immediate._onImmediate (c:\\Users\\usuario\\.vscode\\extensions\\uqbar.wollok-lsp-ide-0.3.3\\server\\node_modules\\vscode-jsonrpc\\lib\\common\\connection.js:334:13)\n    at process.processImmediate (node:internal/timers:478:21)","timestamp":"2024-08-21T13:48:26.726Z"}
{"level":"info","message":"⌛ Validating test.wlk","timeElapsed":118,"timestamp":"2024-08-21T13:48:26.910Z"}
{"level":"info","message":"⌛ Validating test.wlk","timeElapsed":115,"timestamp":"2024-08-21T13:48:27.025Z"}
{"level":"error","message":"✘ Completions for node failed: Error: test.perro.ladr [Field]{13b912} at test.wlk:3 exhausted all cases without a match test.perro.ladr [Field]{13b912} at test.wlk:3 exhausted all cases without a match","stack":"Error: test.perro.ladr [Field]{13b912} at test.wlk:3 exhausted all cases without a match\n    at c:\\Users\\usuario\\.vscode\\extensions\\uqbar.wollok-lsp-ide-0.3.3\\node_modules\\wollok-ts\\dist\\extensions.js:85:11\n    at completionsForNode (c:\\Users\\usuario\\.vscode\\extensions\\uqbar.wollok-lsp-ide-0.3.3\\server\\out\\functionalities\\autocomplete\\node-completion.js:10:44)\n    at c:\\Users\\usuario\\.vscode\\extensions\\uqbar.wollok-lsp-ide-0.3.3\\server\\out\\functionalities\\autocomplete\\autocomplete.js:26:154\n    at c:\\Users\\usuario\\.vscode\\extensions\\uqbar.wollok-lsp-ide-0.3.3\\server\\out\\server.js:198:20\n    at c:\\Users\\usuario\\.vscode\\extensions\\uqbar.wollok-lsp-ide-0.3.3\\server\\node_modules\\vscode-languageserver\\lib\\common\\server.js:593:20\n    at handleRequest (c:\\Users\\usuario\\.vscode\\extensions\\uqbar.wollok-lsp-ide-0.3.3\\server\\node_modules\\vscode-jsonrpc\\lib\\common\\connection.js:493:41)\n    at handleMessage (c:\\Users\\usuario\\.vscode\\extensions\\uqbar.wollok-lsp-ide-0.3.3\\server\\node_modules\\vscode-jsonrpc\\lib\\common\\connection.js:339:13)\n    at processMessageQueue (c:\\Users\\usuario\\.vscode\\extensions\\uqbar.wollok-lsp-ide-0.3.3\\server\\node_modules\\vscode-jsonrpc\\lib\\common\\connection.js:362:17)\n    at Immediate._onImmediate (c:\\Users\\usuario\\.vscode\\extensions\\uqbar.wollok-lsp-ide-0.3.3\\server\\node_modules\\vscode-jsonrpc\\lib\\common\\connection.js:334:13)\n    at process.processImmediate (node:internal/timers:478:21)","timestamp":"2024-08-21T13:48:27.110Z"}
{"level":"info","message":"⌛ Validating test.wlk","timeElapsed":104,"timestamp":"2024-08-21T13:48:33.740Z"}
{"level":"info","message":"⌛ Validating test.wlk","timeElapsed":106,"timestamp":"2024-08-21T13:48:33.921Z"}
{"level":"info","message":"⌛ Validating test.wlk","timeElapsed":106,"timestamp":"2024-08-21T13:48:34.396Z"}
{"level":"info","message":"onRequest - completionItem/resolve","timestamp":"2024-08-21T13:48:34.397Z"}
{"level":"info","message":"onRequest - completionItem/resolve","timestamp":"2024-08-21T13:48:34.561Z"}
{"level":"info","message":"⌛ Validating test.wlk","timeElapsed":101,"timestamp":"2024-08-21T13:48:34.664Z"}
{"level":"info","message":"onRequest - completionItem/resolve","timestamp":"2024-08-21T13:48:34.725Z"}
{"level":"info","message":"⌛ Validating test.wlk","timeElapsed":109,"timestamp":"2024-08-21T13:48:46.715Z"}
{"level":"error","message":"✘ Failed to rebuild document Failed to parse test.wlk: \n-- PARSING FAILED --------------------------------------------------\n\n  7 |       \n  8 |     }\n> 9 | }\n    | ^\n\nExpected one of the following: \n\n'@', 'class', 'const', 'describe', 'mixin', 'object', 'only', 'package', 'program', 'test', 'var', '{', EOF, comment, not \"}\", whitespace\n","stack":"Error: Failed to parse test.wlk: \n-- PARSING FAILED --------------------------------------------------\n\n  7 |       \n  8 |     }\n> 9 | }\n    | ^\n\nExpected one of the following: \n\n'@', 'class', 'const', 'describe', 'mixin', 'object', 'only', 'package', 'program', 'test', 'var', '{', EOF, comment, not \"}\", whitespace\n\n    at c:\\Users\\usuario\\.vscode\\extensions\\uqbar.wollok-lsp-ide-0.3.3\\node_modules\\wollok-ts\\dist\\index.js:54:19\n    at Array.map (<anonymous>)\n    at buildEnvironment (c:\\Users\\usuario\\.vscode\\extensions\\uqbar.wollok-lsp-ide-0.3.3\\node_modules\\wollok-ts\\dist\\index.js:49:40)\n    at EnvironmentProvider.buildEnvironmentFrom (c:\\Users\\usuario\\.vscode\\extensions\\uqbar.wollok-lsp-ide-0.3.3\\server\\out\\utils\\vm\\environment.js:29:66)\n    at EnvironmentProvider.updateEnvironmentWith (c:\\Users\\usuario\\.vscode\\extensions\\uqbar.wollok-lsp-ide-0.3.3\\server\\out\\utils\\vm\\environment.js:19:37)\n    at rebuildTextDocument (c:\\Users\\usuario\\.vscode\\extensions\\uqbar.wollok-lsp-ide-0.3.3\\server\\out\\server.js:102:29)\n    at CallbackList.invoke (c:\\Users\\usuario\\.vscode\\extensions\\uqbar.wollok-lsp-ide-0.3.3\\server\\node_modules\\vscode-jsonrpc\\lib\\common\\events.js:55:39)\n    at Emitter.fire (c:\\Users\\usuario\\.vscode\\extensions\\uqbar.wollok-lsp-ide-0.3.3\\server\\node_modules\\vscode-jsonrpc\\lib\\common\\events.js:117:36)\n    at c:\\Users\\usuario\\.vscode\\extensions\\uqbar.wollok-lsp-ide-0.3.3\\server\\node_modules\\vscode-languageserver\\lib\\common\\textDocuments.js:138:42\n    at handleNotification (c:\\Users\\usuario\\.vscode\\extensions\\uqbar.wollok-lsp-ide-0.3.3\\server\\node_modules\\vscode-jsonrpc\\lib\\common\\connection.js:640:25)","timestamp":"2024-08-21T13:48:47.173Z"}
{"level":"info","message":"⌛ Validating test.wlk","timeElapsed":108,"timestamp":"2024-08-21T13:48:47.430Z"}
{"level":"info","message":"⌛ Validating test.wlk","timeElapsed":101,"timestamp":"2024-08-21T13:48:48.000Z"}
{"level":"info","message":"⌛ Validating test.wlk","timeElapsed":118,"timestamp":"2024-08-21T13:48:50.035Z"}
{"level":"error","message":"✘ Failed to rebuild document Failed to parse test.wlk: \n-- PARSING FAILED --------------------------------------------------\n\n  7 |       \n  8 |     }\n> 9 | }\n    | ^\n\nExpected one of the following: \n\n'@', 'class', 'const', 'describe', 'mixin', 'object', 'only', 'package', 'program', 'test', 'var', '{', EOF, comment, not \"}\", whitespace\n","stack":"Error: Failed to parse test.wlk: \n-- PARSING FAILED --------------------------------------------------\n\n  7 |       \n  8 |     }\n> 9 | }\n    | ^\n\nExpected one of the following: \n\n'@', 'class', 'const', 'describe', 'mixin', 'object', 'only', 'package', 'program', 'test', 'var', '{', EOF, comment, not \"}\", whitespace\n\n    at c:\\Users\\usuario\\.vscode\\extensions\\uqbar.wollok-lsp-ide-0.3.3\\node_modules\\wollok-ts\\dist\\index.js:54:19\n    at Array.map (<anonymous>)\n    at buildEnvironment (c:\\Users\\usuario\\.vscode\\extensions\\uqbar.wollok-lsp-ide-0.3.3\\node_modules\\wollok-ts\\dist\\index.js:49:40)\n    at EnvironmentProvider.buildEnvironmentFrom (c:\\Users\\usuario\\.vscode\\extensions\\uqbar.wollok-lsp-ide-0.3.3\\server\\out\\utils\\vm\\environment.js:29:66)\n    at EnvironmentProvider.updateEnvironmentWith (c:\\Users\\usuario\\.vscode\\extensions\\uqbar.wollok-lsp-ide-0.3.3\\server\\out\\utils\\vm\\environment.js:19:37)\n    at rebuildTextDocument (c:\\Users\\usuario\\.vscode\\extensions\\uqbar.wollok-lsp-ide-0.3.3\\server\\out\\server.js:102:29)\n    at CallbackList.invoke (c:\\Users\\usuario\\.vscode\\extensions\\uqbar.wollok-lsp-ide-0.3.3\\server\\node_modules\\vscode-jsonrpc\\lib\\common\\events.js:55:39)\n    at Emitter.fire (c:\\Users\\usuario\\.vscode\\extensions\\uqbar.wollok-lsp-ide-0.3.3\\server\\node_modules\\vscode-jsonrpc\\lib\\common\\events.js:117:36)\n    at c:\\Users\\usuario\\.vscode\\extensions\\uqbar.wollok-lsp-ide-0.3.3\\server\\node_modules\\vscode-languageserver\\lib\\common\\textDocuments.js:138:42\n    at handleNotification (c:\\Users\\usuario\\.vscode\\extensions\\uqbar.wollok-lsp-ide-0.3.3\\server\\node_modules\\vscode-jsonrpc\\lib\\common\\connection.js:640:25)","timestamp":"2024-08-21T13:48:50.581Z"}
{"level":"info","message":"onRequest - completionItem/resolve","timestamp":"2024-08-21T13:48:50.854Z"}
{"level":"info","message":"onRequest - completionItem/resolve","timestamp":"2024-08-21T13:48:50.910Z"}
{"level":"info","message":"onRequest - completionItem/resolve","timestamp":"2024-08-21T13:48:50.983Z"}
{"level":"info","message":"⌛ Validating test.wlk","timeElapsed":108,"timestamp":"2024-08-21T13:48:51.092Z"}
{"level":"info","message":"onRequest - completionItem/resolve","timestamp":"2024-08-21T13:48:51.229Z"}
{"level":"error","message":"✘ Completions for node failed: Error: [Return]{cfc011} at test.wlk:-- exhausted all cases without a match [Return]{cfc011} at test.wlk:-- exhausted all cases without a match","stack":"Error: [Return]{cfc011} at test.wlk:-- exhausted all cases without a match\n    at c:\\Users\\usuario\\.vscode\\extensions\\uqbar.wollok-lsp-ide-0.3.3\\node_modules\\wollok-ts\\dist\\extensions.js:85:11\n    at completionsForNode (c:\\Users\\usuario\\.vscode\\extensions\\uqbar.wollok-lsp-ide-0.3.3\\server\\out\\functionalities\\autocomplete\\node-completion.js:10:44)\n    at completeForParent (c:\\Users\\usuario\\.vscode\\extensions\\uqbar.wollok-lsp-ide-0.3.3\\server\\out\\functionalities\\autocomplete\\node-completion.js:56:43)\n    at completeReference (c:\\Users\\usuario\\.vscode\\extensions\\uqbar.wollok-lsp-ide-0.3.3\\server\\out\\functionalities\\autocomplete\\node-completion.js:64:135)\n    at c:\\Users\\usuario\\.vscode\\extensions\\uqbar.wollok-lsp-ide-0.3.3\\node_modules\\wollok-ts\\dist\\extensions.js:84:20\n    at completionsForNode (c:\\Users\\usuario\\.vscode\\extensions\\uqbar.wollok-lsp-ide-0.3.3\\server\\out\\functionalities\\autocomplete\\node-completion.js:10:44)\n    at c:\\Users\\usuario\\.vscode\\extensions\\uqbar.wollok-lsp-ide-0.3.3\\server\\out\\functionalities\\autocomplete\\autocomplete.js:26:154\n    at c:\\Users\\usuario\\.vscode\\extensions\\uqbar.wollok-lsp-ide-0.3.3\\server\\out\\server.js:198:20\n    at c:\\Users\\usuario\\.vscode\\extensions\\uqbar.wollok-lsp-ide-0.3.3\\server\\node_modules\\vscode-languageserver\\lib\\common\\server.js:593:20\n    at handleRequest (c:\\Users\\usuario\\.vscode\\extensions\\uqbar.wollok-lsp-ide-0.3.3\\server\\node_modules\\vscode-jsonrpc\\lib\\common\\connection.js:493:41)","timestamp":"2024-08-21T13:48:55.202Z"}
{"level":"info","message":"⌛ Validating test.wlk","timeElapsed":102,"timestamp":"2024-08-21T13:48:55.474Z"}
{"level":"info","message":"onRequest - completionItem/resolve","timestamp":"2024-08-21T13:48:55.474Z"}
{"level":"info","message":"onRequest - completionItem/resolve","timestamp":"2024-08-21T13:48:55.569Z"}
{"level":"info","message":"onRequest - completionItem/resolve","timestamp":"2024-08-21T13:48:55.636Z"}
{"level":"info","message":"⌛ Validating test.wlk","timeElapsed":109,"timestamp":"2024-08-21T13:48:56.081Z"}
{"level":"info","message":"⌛ Validating test.wlk","timeElapsed":102,"timestamp":"2024-08-21T13:48:56.184Z"}
{"level":"info","message":"⌛ Validating test.wlk","timeElapsed":103,"timestamp":"2024-08-21T13:48:56.470Z"}
{"level":"info","message":"onRequest - completionItem/resolve","timestamp":"2024-08-21T13:48:56.471Z"}
{"level":"error","message":"✘ Completions for node failed: Error: [Return]{060de6} at test.wlk:-- exhausted all cases without a match [Return]{060de6} at test.wlk:-- exhausted all cases without a match","stack":"Error: [Return]{060de6} at test.wlk:-- exhausted all cases without a match\n    at c:\\Users\\usuario\\.vscode\\extensions\\uqbar.wollok-lsp-ide-0.3.3\\node_modules\\wollok-ts\\dist\\extensions.js:85:11\n    at completionsForNode (c:\\Users\\usuario\\.vscode\\extensions\\uqbar.wollok-lsp-ide-0.3.3\\server\\out\\functionalities\\autocomplete\\node-completion.js:10:44)\n    at completeForParent (c:\\Users\\usuario\\.vscode\\extensions\\uqbar.wollok-lsp-ide-0.3.3\\server\\out\\functionalities\\autocomplete\\node-completion.js:56:43)\n    at completeReference (c:\\Users\\usuario\\.vscode\\extensions\\uqbar.wollok-lsp-ide-0.3.3\\server\\out\\functionalities\\autocomplete\\node-completion.js:64:135)\n    at c:\\Users\\usuario\\.vscode\\extensions\\uqbar.wollok-lsp-ide-0.3.3\\node_modules\\wollok-ts\\dist\\extensions.js:84:20\n    at completionsForNode (c:\\Users\\usuario\\.vscode\\extensions\\uqbar.wollok-lsp-ide-0.3.3\\server\\out\\functionalities\\autocomplete\\node-completion.js:10:44)\n    at c:\\Users\\usuario\\.vscode\\extensions\\uqbar.wollok-lsp-ide-0.3.3\\server\\out\\functionalities\\autocomplete\\autocomplete.js:26:154\n    at c:\\Users\\usuario\\.vscode\\extensions\\uqbar.wollok-lsp-ide-0.3.3\\server\\out\\server.js:198:20\n    at c:\\Users\\usuario\\.vscode\\extensions\\uqbar.wollok-lsp-ide-0.3.3\\server\\node_modules\\vscode-languageserver\\lib\\common\\server.js:593:20\n    at handleRequest (c:\\Users\\usuario\\.vscode\\extensions\\uqbar.wollok-lsp-ide-0.3.3\\server\\node_modules\\vscode-jsonrpc\\lib\\common\\connection.js:493:41)","timestamp":"2024-08-21T13:48:56.552Z"}
{"level":"info","message":"onRequest - completionItem/resolve","timestamp":"2024-08-21T13:48:56.649Z"}
{"level":"info","message":"⌛ Validating test.wlk","timeElapsed":107,"timestamp":"2024-08-21T13:49:38.139Z"}
{"level":"info","message":"onRequest - completionItem/resolve","timestamp":"2024-08-21T13:49:38.142Z"}
{"level":"info","message":"onRequest - completionItem/resolve","timestamp":"2024-08-21T13:49:38.221Z"}
{"level":"info","message":"⌛ Validating test.wlk","timeElapsed":104,"timestamp":"2024-08-21T13:49:38.326Z"}
{"level":"info","message":"onRequest - completionItem/resolve","timestamp":"2024-08-21T13:49:38.647Z"}
{"level":"info","message":"⌛ Validating test.wlk","timeElapsed":101,"timestamp":"2024-08-21T13:49:38.924Z"}
{"level":"info","message":"⌛ Building environment","timeElapsed":121,"timestamp":"2024-08-21T13:49:51.720Z"}
{"level":"info","message":"⌛ Validating test.wlk","timeElapsed":164,"timestamp":"2024-08-21T13:49:51.885Z"}
{"level":"info","message":"onRequest - STRONG_FILES_CHANGED:c:\\Users\\usuario\\Desktop\\WollokNuevo\\test.wl","timestamp":"2024-08-21T13:55:35.318Z"}
{"level":"info","message":"⌛ Building environment","timeElapsed":176,"timestamp":"2024-08-21T13:55:35.495Z"}
{"level":"info","message":"⌛ Building environment","timeElapsed":108,"timestamp":"2024-08-21T13:55:35.603Z"}
{"level":"info","message":"onRequest - WORKSPACE_URI:file:///c%3A/Users/usuario/Desktop/WollokNuevo","timestamp":"2024-08-21T13:55:35.655Z"}
{"level":"info","message":"Removing diagnostics from \\Users\\usuario\\Desktop\\WollokNuevo\\test.wl","timestamp":"2024-08-21T13:55:35.713Z"}
